<?xml version="1.0"?>
<testsuite name="Chrome 56.0.2924 (Mac OS X 10.12.3)" package="" timestamp="2017-03-26T04:22:20" id="0" hostname="Suozhis-MacBook-Pro.local" tests="21" errors="0" failures="10" time="0.026">
  <properties>
    <property name="browser.fullName" value="Mozilla/5.0 (Macintosh; Intel Mac OS X 10_12_3) AppleWebKit/537.36 (KHTML, like Gecko) Chrome/56.0.2924.87 Safari/537.36"/>
  </properties>
  <testcase name="Validate Actions resource should be a resource (i.e., mock a request)" time="0" classname="Chrome_56_0_2924_(Mac_OS_X_10_12_3).Validate Actions">
    <failure type="">TypeError: resource is not a function
    at Context.&lt;anonymous&gt; (/Users/suozhiqi/Desktop/comp431-frontend/tests.webpack.js:6600:263 &lt;- webpack:///src/actions.spec.js:9:2632)
</failure>
  </testcase>
  <testcase name="Validate Actions resource should give me the http error" time="0" classname="Chrome_56_0_2924_(Mac_OS_X_10_12_3).Validate Actions">
    <failure type="">TypeError: resource is not a function
    at Context.&lt;anonymous&gt; (/Users/suozhiqi/Desktop/comp431-frontend/tests.webpack.js:6604:85 &lt;- webpack:///src/actions.spec.js:9:2972)
</failure>
  </testcase>
  <testcase name="Validate Actions resource should be POSTable" time="0" classname="Chrome_56_0_2924_(Mac_OS_X_10_12_3).Validate Actions">
    <failure type="">TypeError: resource is not a function
    at Context.&lt;anonymous&gt; (/Users/suozhiqi/Desktop/comp431-frontend/tests.webpack.js:6608:427 &lt;- webpack:///src/actions.spec.js:9:3658)
</failure>
  </testcase>
  <testcase name="Validate Actions should update error message (for displaying error mesage to user)" time="0.001" classname="Chrome_56_0_2924_(Mac_OS_X_10_12_3).Validate Actions"/>
  <testcase name="Validate Actions should update success message (for displaying success message to user)" time="0" classname="Chrome_56_0_2924_(Mac_OS_X_10_12_3).Validate Actions"/>
  <testcase name="Validate Actions should navigate to profile, main, and landing" time="0" classname="Chrome_56_0_2924_(Mac_OS_X_10_12_3).Validate Actions"/>
  <testcase name="ArticlesView (component tests) should render article" time="0.014" classname="Chrome_56_0_2924_(Mac_OS_X_10_12_3).ArticlesView (component tests)"/>
  <testcase name="ArticlesView (component tests) should dispatch actions to create a new article" time="0.004" classname="Chrome_56_0_2924_(Mac_OS_X_10_12_3).ArticlesView (component tests)"/>
  <testcase name="Validate Article Actions should fetch articles (mocked request)" time="0.001" classname="Chrome_56_0_2924_(Mac_OS_X_10_12_3).Validate Article Actions">
    <failure type="">TypeError: getArticles is not a function
    at Context.&lt;anonymous&gt; (/Users/suozhiqi/Desktop/comp431-frontend/tests.webpack.js:102476:390 &lt;- webpack:///src/components/article/articleactions.spec.js:9:2685)
</failure>
  </testcase>
  <testcase name="Validate Article Actions should update the search keyword" time="0" classname="Chrome_56_0_2924_(Mac_OS_X_10_12_3).Validate Article Actions">
    <failure type="">TypeError: searchArticle is not a function
    at Context.&lt;anonymous&gt; (/Users/suozhiqi/Desktop/comp431-frontend/tests.webpack.js:102484:172 &lt;- webpack:///src/components/article/articleactions.spec.js:9:3496)
</failure>
  </testcase>
  <testcase name="Validate Authentication should log in a user" time="0" classname="Chrome_56_0_2924_(Mac_OS_X_10_12_3).Validate Authentication">
    <failure type="">TypeError: setLogin is not a function
    at Context.&lt;anonymous&gt; (/Users/suozhiqi/Desktop/comp431-frontend/tests.webpack.js:102522:540 &lt;- webpack:///src/components/auth/authactions.spec.js:9:2892)
</failure>
  </testcase>
  <testcase name="Validate Authentication should not log in an invalid user" time="0" classname="Chrome_56_0_2924_(Mac_OS_X_10_12_3).Validate Authentication">
    <failure type="">TypeError: setLogin is not a function
    at Context.&lt;anonymous&gt; (/Users/suozhiqi/Desktop/comp431-frontend/tests.webpack.js:102530:414 &lt;- webpack:///src/components/auth/authactions.spec.js:9:3996)
</failure>
  </testcase>
  <testcase name="Validate Authentication should log out a user (state should be cleared)" time="0.001" classname="Chrome_56_0_2924_(Mac_OS_X_10_12_3).Validate Authentication">
    <failure type="">TypeError: navToLanding is not a function
    at Context.&lt;anonymous&gt; (/Users/suozhiqi/Desktop/comp431-frontend/tests.webpack.js:102534:338 &lt;- webpack:///src/components/auth/authactions.spec.js:9:4700)
</failure>
  </testcase>
  <testcase name="Validate Profile actions (mocked requests) should fetch the user's profile information" time="0.001" classname="Chrome_56_0_2924_(Mac_OS_X_10_12_3).Validate Profile actions (mocked requests)">
    <failure type="">TypeError: getProfile is not a function
    at Context.&lt;anonymous&gt; (/Users/suozhiqi/Desktop/comp431-frontend/tests.webpack.js:102574:634 &lt;- webpack:///src/components/profile/profileActions.spec.js:9:3020)
</failure>
  </testcase>
  <testcase name="Validate Profile actions (mocked requests) should update headline" time="0.001" classname="Chrome_56_0_2924_(Mac_OS_X_10_12_3).Validate Profile actions (mocked requests)">
    <failure type="">TypeError: updateHeadline is not a function
    at Context.&lt;anonymous&gt; (/Users/suozhiqi/Desktop/comp431-frontend/tests.webpack.js:102578:541 &lt;- webpack:///src/components/profile/profileActions.spec.js:9:3875)
</failure>
  </testcase>
  <testcase name="Validate reducer (no fetch requests here) should return the initial state" time="0.001" classname="Chrome_56_0_2924_(Mac_OS_X_10_12_3).Validate reducer (no fetch requests here)"/>
  <testcase name="Validate reducer (no fetch requests here) should state success (for displaying success message to user)" time="0" classname="Chrome_56_0_2924_(Mac_OS_X_10_12_3).Validate reducer (no fetch requests here)"/>
  <testcase name="Validate reducer (no fetch requests here) should state error (for displaying error message to user)" time="0.001" classname="Chrome_56_0_2924_(Mac_OS_X_10_12_3).Validate reducer (no fetch requests here)"/>
  <testcase name="Validate reducer (no fetch requests here) should set the articles" time="0" classname="Chrome_56_0_2924_(Mac_OS_X_10_12_3).Validate reducer (no fetch requests here)"/>
  <testcase name="Validate reducer (no fetch requests here) should set the search keyword" time="0" classname="Chrome_56_0_2924_(Mac_OS_X_10_12_3).Validate reducer (no fetch requests here)"/>
  <testcase name="Validate reducer (no fetch requests here) should filter displayed articles by the search keyword" time="0.001" classname="Chrome_56_0_2924_(Mac_OS_X_10_12_3).Validate reducer (no fetch requests here)"/>
  <system-out>
    <![CDATA[
]]>
  </system-out>
  <system-err/>
</testsuite>